<?xml version="1.0" encoding="UTF-8"?>
<!-- Generated by org.testng.reporters.JUnitReportReporter -->
<testsuite skipped="0" hostname="Wlpt906" name="com.tm.TestCases.TestCases_Leave" tests="2" failures="0" timestamp="16 Sep 2019 02:47:20 GMT" time="21.973" errors="0">
  <testcase name="TC103_CancelLeave" time="9.094" classname="com.tm.TestCases.TestCases_Leave"/>
  <testcase name="TC101_verifyLoginFunctionality" time="12.879" classname="com.tm.TestCases.TestCases_Leave"/>
</testsuite> <!-- com.tm.TestCases.TestCases_Leave -->
