<?xml version="1.0" encoding="UTF-8"?>
<!-- Generated by org.testng.reporters.JUnitReportReporter -->
<testsuite hostname="Veerendra-PC" name="com.tm.TestCases.TestCases_Myinfo" tests="1" failures="0" timestamp="4 Jul 2019 03:10:07 GMT" time="13.842" errors="0">
  <testcase name="TC203_AddMembership" time="13.842" classname="com.tm.TestCases.TestCases_Myinfo"/>
</testsuite> <!-- com.tm.TestCases.TestCases_Myinfo -->
